c:\projects\zadanie3\zadanie\zadanie\x64\debug\zadanie.pch
c:\projects\zadanie3\zadanie\zadanie\x64\debug\vc143.pdb
c:\projects\zadanie3\zadanie\zadanie\x64\debug\vc143.idb
c:\projects\zadanie3\zadanie\zadanie\x64\debug\pch.obj
c:\projects\zadanie3\zadanie\zadanie\x64\debug\mainpage.xaml.obj
c:\projects\zadanie3\zadanie\zadanie\x64\debug\app.xaml.obj
c:\projects\zadanie3\zadanie\zadanie\x64\debug\xamltypeinfo.impl.g.obj
c:\projects\zadanie3\zadanie\zadanie\x64\debug\xamltypeinfo.g.obj
c:\projects\zadanie3\zadanie\x64\debug\zadanie\zadanie.winmd
c:\projects\zadanie3\zadanie\zadanie\x64\debug\zadanie.tlog\zadanie.winmd.lastbuild
c:\projects\zadanie3\zadanie\x64\debug\zadanie\zadanie.exe
c:\projects\zadanie3\zadanie\x64\debug\zadanie\zadanie.pdb
c:\projects\zadanie3\zadanie\zadanie\x64\debug\zadanie.vcxproj.assemblyreference.cache
c:\projects\zadanie3\zadanie\generated files\app.g.h
c:\projects\zadanie3\zadanie\generated files\mainpage.g.h
c:\projects\zadanie3\zadanie\generated files\xamllibmetadataprovider.g.cpp
c:\projects\zadanie3\zadanie\generated files\xamltypeinfo.impl.g.cpp
c:\projects\zadanie3\zadanie\generated files\app.xaml
c:\projects\zadanie3\zadanie\generated files\mainpage.xaml
c:\projects\zadanie3\zadanie\generated files\app.xbf
c:\projects\zadanie3\zadanie\generated files\mainpage.xbf
c:\projects\zadanie3\zadanie\zadanie\x64\debug\xamlsavestatefile.xml
c:\projects\zadanie3\zadanie\generated files\xamltypeinfo.g.cpp
c:\projects\zadanie3\zadanie\x64\debug\zadanie\app.xbf
c:\projects\zadanie3\zadanie\x64\debug\zadanie\mainpage.xbf
c:\projects\zadanie3\zadanie\zadanie\x64\debug\resourcehandlingtask.state
c:\projects\zadanie3\zadanie\zadanie\x64\debug\zadanie.vcxproj.generateresource.cache
c:\projects\zadanie3\zadanie\zadanie\x64\debug\priconfig.xml
c:\projects\zadanie3\zadanie\zadanie\x64\debug\priconfig.xml.intermediate
c:\projects\zadanie3\zadanie\zadanie\x64\debug\unfiltered.layout.resfiles
c:\projects\zadanie3\zadanie\zadanie\x64\debug\unfiltered.layout.resfiles.intermediate
c:\projects\zadanie3\zadanie\zadanie\x64\debug\filtered.layout.resfiles
c:\projects\zadanie3\zadanie\zadanie\x64\debug\filtered.layout.resfiles.intermediate
c:\projects\zadanie3\zadanie\zadanie\x64\debug\excluded.layout.resfiles
c:\projects\zadanie3\zadanie\zadanie\x64\debug\excluded.layout.resfiles.intermediate
c:\projects\zadanie3\zadanie\zadanie\x64\debug\resources.resfiles
c:\projects\zadanie3\zadanie\zadanie\x64\debug\resources.resfiles.intermediate
c:\projects\zadanie3\zadanie\zadanie\x64\debug\pri.resfiles
c:\projects\zadanie3\zadanie\zadanie\x64\debug\pri.resfiles.intermediate
c:\projects\zadanie3\zadanie\x64\debug\zadanie\resources.pri
c:\projects\zadanie3\zadanie\zadanie\x64\debug\qualifiers.txt
c:\projects\zadanie3\zadanie\zadanie\x64\debug\qualifiers.txt.intermediate
c:\projects\zadanie3\zadanie\zadanie\x64\debug\multiplequalifiersperdimensionfound.txt
c:\projects\zadanie3\zadanie\zadanie\x64\debug\projectarchitectures.txt
c:\projects\zadanie3\zadanie\x64\debug\zadanie\appxmanifest.xml
c:\projects\zadanie3\zadanie\x64\debug\zadanie\zadanie.build.appxrecipe
c:\projects\zadanie3\zadanie\x64\debug\zadanie\zadanie.lib
c:\projects\zadanie3\zadanie\x64\debug\zadanie\zadanie.exp
c:\projects\zadanie3\zadanie\zadanie\x64\debug\zadanie.ilk
c:\projects\zadanie3\zadanie\zadanie\x64\debug\zadanie.tlog\cl.command.1.tlog
c:\projects\zadanie3\zadanie\zadanie\x64\debug\zadanie.tlog\cl.items.tlog
c:\projects\zadanie3\zadanie\zadanie\x64\debug\zadanie.tlog\cl.read.1.tlog
c:\projects\zadanie3\zadanie\zadanie\x64\debug\zadanie.tlog\cl.write.1.tlog
c:\projects\zadanie3\zadanie\zadanie\x64\debug\zadanie.tlog\link.command.1.tlog
c:\projects\zadanie3\zadanie\zadanie\x64\debug\zadanie.tlog\link.read.1.tlog
c:\projects\zadanie3\zadanie\zadanie\x64\debug\zadanie.tlog\link.secondary.1.tlog
c:\projects\zadanie3\zadanie\zadanie\x64\debug\zadanie.tlog\link.write.1.tlog
c:\projects\zadanie3\zadanie\zadanie\x64\debug\zadanie.tlog\xaml.read.1u.tlog
c:\projects\zadanie3\zadanie\zadanie\x64\debug\zadanie.tlog\zadanie.read.1u.tlog
c:\projects\zadanie3\zadanie\zadanie\x64\debug\zadanie.tlog\zadanie.write.1u.tlog
c:\projects\zadanie3\zadanie\generated files\xamlbindinginfo.g.h
c:\projects\zadanie3\zadanie\generated files\xamltypeinfo.g.h
